\BOOKMARK [1][-]{section.1}{Introduction}{}% 1
\BOOKMARK [2][-]{subsection.1.1}{Purpose}{section.1}% 2
\BOOKMARK [2][-]{subsection.1.2}{Scope}{section.1}% 3
\BOOKMARK [2][-]{subsection.1.3}{Definitions, Acronyms and Abbreviations}{section.1}% 4
\BOOKMARK [3][-]{subsubsection.1.3.1}{Definitions}{subsection.1.3}% 5
\BOOKMARK [3][-]{subsubsection.1.3.2}{Acronyms}{subsection.1.3}% 6
\BOOKMARK [3][-]{subsubsection.1.3.3}{Abbreviations}{subsection.1.3}% 7
\BOOKMARK [2][-]{subsection.1.4}{Document Structure}{section.1}% 8
\BOOKMARK [1][-]{section.2}{Architectural Design}{}% 9
\BOOKMARK [2][-]{subsection.2.1}{High Level Components and their Interactions}{section.2}% 10
\BOOKMARK [2][-]{subsection.2.2}{Component View}{section.2}% 11
\BOOKMARK [3][-]{subsubsection.2.2.1}{High Level Component Diagram}{subsection.2.2}% 12
\BOOKMARK [3][-]{subsubsection.2.2.2}{User Mobile Services Projection}{subsection.2.2}% 13
\BOOKMARK [3][-]{subsubsection.2.2.3}{Third Party Web Services Projection}{subsection.2.2}% 14
\BOOKMARK [2][-]{subsection.2.3}{Deployment View}{section.2}% 15
\BOOKMARK [2][-]{subsection.2.4}{Component Interfaces}{section.2}% 16
\BOOKMARK [3][-]{subsubsection.2.4.1}{External Interfaces}{subsection.2.4}% 17
\BOOKMARK [2][-]{subsection.2.5}{Runtime View}{section.2}% 18
\BOOKMARK [3][-]{subsubsection.2.5.1}{On-Demand Assistance Request}{subsection.2.5}% 19
\BOOKMARK [3][-]{subsubsection.2.5.2}{Automated Assistance Request}{subsection.2.5}% 20
\BOOKMARK [3][-]{subsubsection.2.5.3}{Data Access Request}{subsection.2.5}% 21
\BOOKMARK [2][-]{subsection.2.6}{Architectural Styles and Design Patterns}{section.2}% 22
\BOOKMARK [3][-]{subsubsection.2.6.1}{Design Patterns}{subsection.2.6}% 23
\BOOKMARK [3][-]{subsubsection.2.6.2}{RAPS Architecture}{subsection.2.6}% 24
\BOOKMARK [3][-]{subsubsection.2.6.3}{Transactions Commit Protocol}{subsection.2.6}% 25
\BOOKMARK [2][-]{subsection.2.7}{Other Design Decisions}{section.2}% 26
\BOOKMARK [1][-]{section.3}{User Interface Design}{}% 27
\BOOKMARK [1][-]{section.4}{Requirements Traceability}{}% 28
\BOOKMARK [1][-]{section.5}{Implementation, Integration and Test Plan}{}% 29
\BOOKMARK [2][-]{subsection.5.1}{Implementation Plan}{section.5}% 30
\BOOKMARK [2][-]{subsection.5.2}{Integration and Testing}{section.5}% 31
\BOOKMARK [3][-]{subsubsection.5.2.1}{Entry Criteria}{subsection.5.2}% 32
\BOOKMARK [3][-]{subsubsection.5.2.2}{Elements to be Integrated}{subsection.5.2}% 33
\BOOKMARK [3][-]{subsubsection.5.2.3}{Integration Testing Strategy}{subsection.5.2}% 34
\BOOKMARK [1][-]{section.6}{Effort Spent}{}% 35
\BOOKMARK [1][-]{section.7}{References and Used Tools}{}% 36
\BOOKMARK [2][-]{subsection.7.1}{Reference Documents}{section.7}% 37
\BOOKMARK [2][-]{subsection.7.2}{Tools}{section.7}% 38
