\BOOKMARK [1][-]{section.1}{Introduction}{}% 1
\BOOKMARK [2][-]{subsection.1.1}{Purpose}{section.1}% 2
\BOOKMARK [2][-]{subsection.1.2}{Scope}{section.1}% 3
\BOOKMARK [3][-]{subsubsection.1.2.1}{Goals}{subsection.1.2}% 4
\BOOKMARK [2][-]{subsection.1.3}{Definitions, Acronyms and Abbreviations}{section.1}% 5
\BOOKMARK [3][-]{subsubsection.1.3.1}{Definitions}{subsection.1.3}% 6
\BOOKMARK [3][-]{subsubsection.1.3.2}{Acronyms}{subsection.1.3}% 7
\BOOKMARK [3][-]{subsubsection.1.3.3}{Abbreviations}{subsection.1.3}% 8
\BOOKMARK [2][-]{subsection.1.4}{Document Structure}{section.1}% 9
\BOOKMARK [1][-]{section.2}{Overall Description}{}% 10
\BOOKMARK [2][-]{subsection.2.1}{Product Perspective}{section.2}% 11
\BOOKMARK [2][-]{subsection.2.2}{Product Functions}{section.2}% 12
\BOOKMARK [2][-]{subsection.2.3}{User Characteristics}{section.2}% 13
\BOOKMARK [2][-]{subsection.2.4}{Domain Assumptions}{section.2}% 14
\BOOKMARK [1][-]{section.3}{Specific Requirements}{}% 15
\BOOKMARK [2][-]{subsection.3.1}{External Interface Requirements}{section.3}% 16
\BOOKMARK [3][-]{subsubsection.3.1.1}{User Interfaces \(UI\)}{subsection.3.1}% 17
\BOOKMARK [3][-]{subsubsection.3.1.2}{Hardware Interfaces}{subsection.3.1}% 18
\BOOKMARK [3][-]{subsubsection.3.1.3}{Software Interfaces}{subsection.3.1}% 19
\BOOKMARK [3][-]{subsubsection.3.1.4}{Communication Interfaces}{subsection.3.1}% 20
\BOOKMARK [2][-]{subsection.3.2}{Scenarios}{section.3}% 21
\BOOKMARK [2][-]{subsection.3.3}{Functional Requirements}{section.3}% 22
\BOOKMARK [2][-]{subsection.3.4}{Use Case Diagram}{section.3}% 23
\BOOKMARK [2][-]{subsection.3.5}{Use cases}{section.3}% 24
\BOOKMARK [3][-]{subsubsection.3.5.1}{Visitor Registration}{subsection.3.5}% 25
\BOOKMARK [3][-]{subsubsection.3.5.2}{User Login}{subsection.3.5}% 26
\BOOKMARK [3][-]{subsubsection.3.5.3}{Third Party Login}{subsection.3.5}% 27
\BOOKMARK [3][-]{subsubsection.3.5.4}{Update Personal Information}{subsection.3.5}% 28
\BOOKMARK [3][-]{subsubsection.3.5.5}{Manage Third Party Accesses}{subsection.3.5}% 29
\BOOKMARK [3][-]{subsubsection.3.5.6}{Provide Automated Assistance}{subsection.3.5}% 30
\BOOKMARK [3][-]{subsubsection.3.5.7}{On-Demand Assistance Request}{subsection.3.5}% 31
\BOOKMARK [3][-]{subsubsection.3.5.8}{Report Abuse}{subsection.3.5}% 32
\BOOKMARK [3][-]{subsubsection.3.5.9}{Accept Access Request}{subsection.3.5}% 33
\BOOKMARK [3][-]{subsubsection.3.5.10}{Reject Access Request}{subsection.3.5}% 34
\BOOKMARK [3][-]{subsubsection.3.5.11}{Send Access Request}{subsection.3.5}% 35
\BOOKMARK [3][-]{subsubsection.3.5.12}{Subscription to User's Data}{subsection.3.5}% 36
\BOOKMARK [3][-]{subsubsection.3.5.13}{Anonymous Sampling}{subsection.3.5}% 37
\BOOKMARK [2][-]{subsection.3.6}{Sequence Diagrams}{section.3}% 38
\BOOKMARK [3][-]{subsubsection.3.6.1}{Visitor Registration}{subsection.3.6}% 39
\BOOKMARK [3][-]{subsubsection.3.6.2}{Login}{subsection.3.6}% 40
\BOOKMARK [3][-]{subsubsection.3.6.3}{User Data Access Request and Subscription}{subsection.3.6}% 41
\BOOKMARK [3][-]{subsubsection.3.6.4}{On-Demand Assistance Request}{subsection.3.6}% 42
\BOOKMARK [3][-]{subsubsection.3.6.5}{Automated Assistance Request}{subsection.3.6}% 43
\BOOKMARK [2][-]{subsection.3.7}{Performance Requirements}{section.3}% 44
\BOOKMARK [2][-]{subsection.3.8}{Design Constraints}{section.3}% 45
\BOOKMARK [3][-]{subsubsection.3.8.1}{Hardware Limitations}{subsection.3.8}% 46
\BOOKMARK [2][-]{subsection.3.9}{Software System Attributes}{section.3}% 47
\BOOKMARK [3][-]{subsubsection.3.9.1}{Reliability}{subsection.3.9}% 48
\BOOKMARK [3][-]{subsubsection.3.9.2}{Availability}{subsection.3.9}% 49
\BOOKMARK [3][-]{subsubsection.3.9.3}{Security}{subsection.3.9}% 50
\BOOKMARK [3][-]{subsubsection.3.9.4}{Maintainability}{subsection.3.9}% 51
\BOOKMARK [3][-]{subsubsection.3.9.5}{Scalability}{subsection.3.9}% 52
\BOOKMARK [1][-]{section.4}{Formal Analysis Using Alloy}{}% 53
\BOOKMARK [2][-]{subsection.4.1}{Purpose of the Model}{section.4}% 54
\BOOKMARK [2][-]{subsection.4.2}{Alloy Model}{section.4}% 55
\BOOKMARK [2][-]{subsection.4.3}{Generated World}{section.4}% 56
\BOOKMARK [3][-]{subsubsection.4.3.1}{First Instance}{subsection.4.3}% 57
\BOOKMARK [3][-]{subsubsection.4.3.2}{Second Instance}{subsection.4.3}% 58
\BOOKMARK [1][-]{section.5}{Effort Spent}{}% 59
\BOOKMARK [1][-]{section.6}{References and Used Tools}{}% 60
\BOOKMARK [2][-]{subsection.6.1}{Reference Documents}{section.6}% 61
\BOOKMARK [2][-]{subsection.6.2}{Tools}{section.6}% 62
